<?xml version="1.0" encoding="UTF-8"?>
<!-- Generated by org.testng.reporters.JUnitXMLReporter -->
<testsuite hostname="AVC-SMS-LAP17" ignored="0" tests="6" failures="0" timestamp="24 Oct 2017 02:29:18 GMT" time="2271.139" errors="0">
  <testcase name="Auto1TEASubmitApplication" time="149.166" classname="TEAWeeklyRun"/>
  <testcase name="Auto2TEALogin_Confirm_UploadDocs" time="134.953" classname="TEAWeeklyRun"/>
  <testcase name="Auto4TEASaveContinueDelete" time="1626.756" classname="TEAWeeklyRun"/>
  <testcase name="Auto6TEASecondarySchoolDetailsWithdraw" time="220.856" classname="TEAWeeklyRun"/>
  <testcase name="Auto8TEAApplicationForMasterOfAppliedPsychology" time="76.143" classname="TEAWeeklyRun"/>
  <testcase name="Auto9TEATeachingProgrammeAdditionalInfo" time="50.243" classname="TEAWeeklyRun"/>
</testsuite>
