<?xml version="1.0" encoding="UTF-8"?>
<!-- Generated by org.testng.reporters.JUnitXMLReporter -->
<testsuite hostname="AVC-SMS-LAP17" ignored="0" tests="6" failures="0" timestamp="12 Oct 2017 21:40:00 GMT" time="487.837" errors="0">
  <testcase name="Auto1TEASubmitApplication" time="87.293" classname="TEAWeeklyRun"/>
  <testcase name="Auto2TEALogin_Confirm_UploadDocs" time="103.412" classname="TEAWeeklyRun"/>
  <testcase name="Auto4TEASaveContinueDelete" time="83.37" classname="TEAWeeklyRun"/>
  <testcase name="Auto6TEASecondarySchoolDetails" time="76.693" classname="TEAWeeklyRun"/>
  <testcase name="Auto8TEAApplicationForMasterOfAppliedPsychology" time="55.895" classname="TEAWeeklyRun"/>
  <testcase name="Auto9TEATeachingProgrammeAdditionalInfo" time="63.962" classname="TEAWeeklyRun"/>
</testsuite>
