<?xml version="1.0" encoding="UTF-8"?>
<!-- Generated by org.testng.reporters.JUnitXMLReporter -->
<testsuite hostname="AVC-SMS-LAP17" ignored="0" tests="6" failures="0" timestamp="20 Oct 2017 02:23:09 GMT" time="593.001" errors="0">
  <testcase name="Auto1TEASubmitApplication" time="134.905" classname="TEAWeeklyRun"/>
  <testcase name="Auto2TEALogin_Confirm_UploadDocs" time="120.731" classname="TEAWeeklyRun"/>
  <testcase name="Auto4TEASaveContinueDelete" time="89.979" classname="TEAWeeklyRun"/>
  <testcase name="Auto6TEASecondarySchoolDetailsWithdraw" time="84.782" classname="TEAWeeklyRun"/>
  <testcase name="Auto8TEAApplicationForMasterOfAppliedPsychology" time="72.549" classname="TEAWeeklyRun"/>
  <testcase name="Auto9TEATeachingProgrammeAdditionalInfo" time="79.096" classname="TEAWeeklyRun"/>
</testsuite>
