<?xml version="1.0" encoding="UTF-8"?>
<!-- Generated by org.testng.reporters.JUnitXMLReporter -->
<testsuite hostname="AVC-SMS-LAP17" ignored="4" tests="2" failures="0" timestamp="11 Oct 2017 04:17:03 GMT" time="173.707" errors="0">
  <testcase name="Auto1TEASubmitApplication" time="78.861" classname="TEAWeeklyRun"/>
  <testcase name="Auto4TEASaveContinueDelete" time="82.783" classname="TEAWeeklyRun"/>
  <testcase name="Auto6TEASecondarySchoolDetails" time="0.0" classname="TEAWeeklyRun">
    <ignored/>
  </testcase> <!-- Auto6TEASecondarySchoolDetails -->
  <testcase name="Auto9TEATeachingProgrammeAdditionalInfo" time="0.0" classname="TEAWeeklyRun">
    <ignored/>
  </testcase> <!-- Auto9TEATeachingProgrammeAdditionalInfo -->
  <testcase name="Auto8TEAApplicationForMasterOfAppliedPsychology" time="0.0" classname="TEAWeeklyRun">
    <ignored/>
  </testcase> <!-- Auto8TEAApplicationForMasterOfAppliedPsychology -->
  <testcase name="Auto2TEALogin_Confirm_UploadDocs" time="0.0" classname="TEAWeeklyRun">
    <ignored/>
  </testcase> <!-- Auto2TEALogin_Confirm_UploadDocs -->
</testsuite>
