<?xml version="1.0" encoding="UTF-8"?>
<testng-results skipped="0" failed="0" ignored="0" total="6" passed="6">
  <reporter-output>
  </reporter-output>
  <suite name="Default suite" duration-ms="487837" started-at="2017-10-12T21:31:52Z" finished-at="2017-10-12T21:40:00Z">
    <groups>
    </groups>
    <test name="Default test" duration-ms="487837" started-at="2017-10-12T21:31:52Z" finished-at="2017-10-12T21:40:00Z">
      <class name="TEAWeeklyRun">
        <test-method status="PASS" signature="setUp()[pri:0, instance:TEAWeeklyRun@2d6eabae]" name="setUp" is-config="true" duration-ms="8128" started-at="2017-10-13T10:31:52Z" finished-at="2017-10-13T10:32:01Z">
          <reporter-output>
          </reporter-output>
        </test-method> <!-- setUp -->
        <test-method status="PASS" signature="Auto1TEASubmitApplication(java.lang.String, java.lang.String, java.lang.String, java.lang.String, java.lang.String, java.lang.String, java.lang.String, java.lang.String, java.lang.String, java.lang.String, java.lang.String, java.lang.String, java.lang.String, java.lang.String, java.lang.String, java.lang.String, java.lang.String, java.lang.String, java.lang.String, java.lang.String, java.lang.String, java.lang.String, java.lang.String, java.lang.String, java.lang.String, java.lang.String, java.lang.String, java.lang.String, java.lang.String, java.lang.String, java.lang.String, java.lang.String, java.lang.String, java.lang.String, java.lang.String, java.lang.String, java.lang.String, java.lang.String, java.lang.String, java.lang.String, java.lang.String, java.lang.String, java.lang.String, java.lang.String, java.lang.String, java.lang.String, java.lang.String, java.lang.String, java.lang.String, java.lang.String, java.lang.String)[pri:0, instance:TEAWeeklyRun@2d6eabae]" name="Auto1TEASubmitApplication" duration-ms="87293" started-at="2017-10-13T10:32:03Z" data-provider="ParamData" finished-at="2017-10-13T10:33:30Z">
          <params>
            <param index="0">
              <value>
                <![CDATA[Student]]>
              </value>
            </param>
            <param index="1">
              <value>
                <![CDATA[Jane50]]>
              </value>
            </param>
            <param index="2">
              <value>
                <![CDATA[Mickey50]]>
              </value>
            </param>
            <param index="3">
              <value>
                <![CDATA[Sam]]>
              </value>
            </param>
            <param index="4">
              <value>
                <![CDATA[John]]>
              </value>
            </param>
            <param index="5">
              <value>
                <![CDATA[]]>
              </value>
            </param>
            <param index="6">
              <value>
                <![CDATA[12/Jul/1950]]>
              </value>
            </param>
            <param index="7">
              <value>
                <![CDATA[1239566]]>
              </value>
            </param>
            <param index="8">
              <value>
                <![CDATA[jmickey150@fake.com]]>
              </value>
            </param>
            <param index="9">
              <value>
                <![CDATA[jmickey150@fake.com]]>
              </value>
            </param>
            <param index="10">
              <value>
                <![CDATA[Testing@1]]>
              </value>
            </param>
            <param index="11">
              <value>
                <![CDATA[Testing@1]]>
              </value>
            </param>
            <param index="12">
              <value>
                <![CDATA[Individual paper credit]]>
              </value>
            </param>
            <param index="13">
              <value>
                <![CDATA[Individual Paper Credit]]>
              </value>
            </param>
            <param index="14">
              <value>
                <![CDATA[Cook Islands]]>
              </value>
            </param>
            <param index="15">
              <value>
                <![CDATA[Cook Islands]]>
              </value>
            </param>
            <param index="16">
              <value>
                <![CDATA[New Zealand]]>
              </value>
            </param>
            <param index="17">
              <value>
                <![CDATA[Yes]]>
              </value>
            </param>
            <param index="18">
              <value>
                <![CDATA[Latin American]]>
              </value>
            </param>
            <param index="19">
              <value>
                <![CDATA[Japanese]]>
              </value>
            </param>
            <param index="20">
              <value>
                <![CDATA[Korean]]>
              </value>
            </param>
            <param index="21">
              <value>
                <![CDATA[Rangitane (Manawatu)]]>
              </value>
            </param>
            <param index="22">
              <value>
                <![CDATA[Nga Maihi]]>
              </value>
            </param>
            <param index="23">
              <value>
                <![CDATA[Tainui]]>
              </value>
            </param>
            <param index="24">
              <value>
                <![CDATA[Tuhoe]]>
              </value>
            </param>
            <param index="25">
              <value>
                <![CDATA[87854537]]>
              </value>
            </param>
            <param index="26">
              <value>
                <![CDATA[221234572]]>
              </value>
            </param>
            <param index="27">
              <value>
                <![CDATA[Student Address 1]]>
              </value>
            </param>
            <param index="28">
              <value>
                <![CDATA[Student Address 2]]>
              </value>
            </param>
            <param index="29">
              <value>
                <![CDATA[Student Address 3]]>
              </value>
            </param>
            <param index="30">
              <value>
                <![CDATA[Student Address 4]]>
              </value>
            </param>
            <param index="31">
              <value>
                <![CDATA[Hamilton]]>
              </value>
            </param>
            <param index="32">
              <value>
                <![CDATA[3211]]>
              </value>
            </param>
            <param index="33">
              <value>
                <![CDATA[Yes]]>
              </value>
            </param>
            <param index="34">
              <value>
                <![CDATA[NCEA Level 3 Certificate]]>
              </value>
            </param>
            <param index="35">
              <value>
                <![CDATA[Yes]]>
              </value>
            </param>
            <param index="36">
              <value>
                <![CDATA[Papakura High School]]>
              </value>
            </param>
            <param index="37">
              <value>
                <![CDATA[2010]]>
              </value>
            </param>
            <param index="38">
              <value>
                <![CDATA[NCEA Level 1 Certificate]]>
              </value>
            </param>
            <param index="39">
              <value>
                <![CDATA[No]]>
              </value>
            </param>
            <param index="40">
              <value>
                <![CDATA[]]>
              </value>
            </param>
            <param index="41">
              <value>
                <![CDATA[]]>
              </value>
            </param>
            <param index="42">
              <value>
                <![CDATA[]]>
              </value>
            </param>
            <param index="43">
              <value>
                <![CDATA[]]>
              </value>
            </param>
            <param index="44">
              <value>
                <![CDATA[]]>
              </value>
            </param>
            <param index="45">
              <value>
                <![CDATA[]]>
              </value>
            </param>
            <param index="46">
              <value>
                <![CDATA[]]>
              </value>
            </param>
            <param index="47">
              <value>
                <![CDATA[]]>
              </value>
            </param>
            <param index="48">
              <value>
                <![CDATA[Female]]>
              </value>
            </param>
            <param index="49">
              <value>
                <![CDATA[]]>
              </value>
            </param>
            <param index="50">
              <value>
                <![CDATA[]]>
              </value>
            </param>
          </params>
          <reporter-output>
          </reporter-output>
        </test-method> <!-- Auto1TEASubmitApplication -->
        <test-method status="PASS" signature="tearD(org.testng.ITestResult)[pri:0, instance:TEAWeeklyRun@2d6eabae]" name="tearD" is-config="true" duration-ms="502" started-at="2017-10-13T10:33:30Z" finished-at="2017-10-13T10:33:31Z">
          <params>
            <param index="0">
              <value>
                <![CDATA[[TestResult name=Auto1TEASubmitApplication status=SUCCESS method=TEAWeeklyRun.Auto1TEASubmitApplication(java.lang.String, java.lang.String, java.lang.String, java.lang.String, java.lang.String, java.lang.String, java.lang.String, java.lang.String, java.lang.String, java.lang.String, java.lang.String, java.lang.String, java.lang.String, java.lang.String, java.lang.String, java.lang.String, java.lang.String, java.lang.String, java.lang.String, java.lang.String, java.lang.String, java.lang.String, java.lang.String, java.lang.String, java.lang.String, java.lang.String, java.lang.String, java.lang.String, java.lang.String, java.lang.String, java.lang.String, java.lang.String, java.lang.String, java.lang.String, java.lang.String, java.lang.String, java.lang.String, java.lang.String, java.lang.String, java.lang.String, java.lang.String, java.lang.String, java.lang.String, java.lang.String, java.lang.String, java.lang.String, java.lang.String, java.lang.String, java.lang.String, java.lang.String, java.lang.String)[pri:0, instance:TEAWeeklyRun@2d6eabae] output={null}]]]>
              </value>
            </param>
          </params>
          <reporter-output>
          </reporter-output>
        </test-method> <!-- tearD -->
        <test-method status="PASS" signature="Auto2TEALogin_Confirm_UploadDocs(java.lang.String, java.lang.String, java.lang.String, java.lang.String, java.lang.String, java.lang.String, java.lang.String, java.lang.String, java.lang.String, java.lang.String, java.lang.String, java.lang.String, java.lang.String, java.lang.String, java.lang.String, java.lang.String, java.lang.String, java.lang.String, java.lang.String, java.lang.String, java.lang.String, java.lang.String, java.lang.String, java.lang.String, java.lang.String, java.lang.String, java.lang.String, java.lang.String, java.lang.String, java.lang.String, java.lang.String, java.lang.String, java.lang.String, java.lang.String, java.lang.String, java.lang.String, java.lang.String, java.lang.String, java.lang.String, java.lang.String, java.lang.String, java.lang.String, java.lang.String, java.lang.String, java.lang.String, java.lang.String, java.lang.String, java.lang.String, java.lang.String, java.lang.String, java.lang.String)[pri:0, instance:TEAWeeklyRun@2d6eabae]" name="Auto2TEALogin_Confirm_UploadDocs" duration-ms="103412" started-at="2017-10-13T10:33:31Z" data-provider="ParamData" finished-at="2017-10-13T10:35:15Z">
          <params>
            <param index="0">
              <value>
                <![CDATA[Student]]>
              </value>
            </param>
            <param index="1">
              <value>
                <![CDATA[Jane50]]>
              </value>
            </param>
            <param index="2">
              <value>
                <![CDATA[Mickey50]]>
              </value>
            </param>
            <param index="3">
              <value>
                <![CDATA[Sam]]>
              </value>
            </param>
            <param index="4">
              <value>
                <![CDATA[John]]>
              </value>
            </param>
            <param index="5">
              <value>
                <![CDATA[]]>
              </value>
            </param>
            <param index="6">
              <value>
                <![CDATA[12/Jul/1950]]>
              </value>
            </param>
            <param index="7">
              <value>
                <![CDATA[1239566]]>
              </value>
            </param>
            <param index="8">
              <value>
                <![CDATA[jmickey150@fake.com]]>
              </value>
            </param>
            <param index="9">
              <value>
                <![CDATA[jmickey150@fake.com]]>
              </value>
            </param>
            <param index="10">
              <value>
                <![CDATA[Testing@1]]>
              </value>
            </param>
            <param index="11">
              <value>
                <![CDATA[Testing@1]]>
              </value>
            </param>
            <param index="12">
              <value>
                <![CDATA[Individual paper credit]]>
              </value>
            </param>
            <param index="13">
              <value>
                <![CDATA[Individual Paper Credit]]>
              </value>
            </param>
            <param index="14">
              <value>
                <![CDATA[Cook Islands]]>
              </value>
            </param>
            <param index="15">
              <value>
                <![CDATA[Cook Islands]]>
              </value>
            </param>
            <param index="16">
              <value>
                <![CDATA[New Zealand]]>
              </value>
            </param>
            <param index="17">
              <value>
                <![CDATA[Yes]]>
              </value>
            </param>
            <param index="18">
              <value>
                <![CDATA[Latin American]]>
              </value>
            </param>
            <param index="19">
              <value>
                <![CDATA[Japanese]]>
              </value>
            </param>
            <param index="20">
              <value>
                <![CDATA[Korean]]>
              </value>
            </param>
            <param index="21">
              <value>
                <![CDATA[Rangitane (Manawatu)]]>
              </value>
            </param>
            <param index="22">
              <value>
                <![CDATA[Nga Maihi]]>
              </value>
            </param>
            <param index="23">
              <value>
                <![CDATA[Tainui]]>
              </value>
            </param>
            <param index="24">
              <value>
                <![CDATA[Tuhoe]]>
              </value>
            </param>
            <param index="25">
              <value>
                <![CDATA[87854537]]>
              </value>
            </param>
            <param index="26">
              <value>
                <![CDATA[221234572]]>
              </value>
            </param>
            <param index="27">
              <value>
                <![CDATA[Student Address 1]]>
              </value>
            </param>
            <param index="28">
              <value>
                <![CDATA[Student Address 2]]>
              </value>
            </param>
            <param index="29">
              <value>
                <![CDATA[Student Address 3]]>
              </value>
            </param>
            <param index="30">
              <value>
                <![CDATA[Student Address 4]]>
              </value>
            </param>
            <param index="31">
              <value>
                <![CDATA[Hamilton]]>
              </value>
            </param>
            <param index="32">
              <value>
                <![CDATA[3211]]>
              </value>
            </param>
            <param index="33">
              <value>
                <![CDATA[Yes]]>
              </value>
            </param>
            <param index="34">
              <value>
                <![CDATA[NCEA Level 3 Certificate]]>
              </value>
            </param>
            <param index="35">
              <value>
                <![CDATA[Yes]]>
              </value>
            </param>
            <param index="36">
              <value>
                <![CDATA[Papakura High School]]>
              </value>
            </param>
            <param index="37">
              <value>
                <![CDATA[2010]]>
              </value>
            </param>
            <param index="38">
              <value>
                <![CDATA[NCEA Level 1 Certificate]]>
              </value>
            </param>
            <param index="39">
              <value>
                <![CDATA[No]]>
              </value>
            </param>
            <param index="40">
              <value>
                <![CDATA[]]>
              </value>
            </param>
            <param index="41">
              <value>
                <![CDATA[]]>
              </value>
            </param>
            <param index="42">
              <value>
                <![CDATA[]]>
              </value>
            </param>
            <param index="43">
              <value>
                <![CDATA[]]>
              </value>
            </param>
            <param index="44">
              <value>
                <![CDATA[]]>
              </value>
            </param>
            <param index="45">
              <value>
                <![CDATA[]]>
              </value>
            </param>
            <param index="46">
              <value>
                <![CDATA[]]>
              </value>
            </param>
            <param index="47">
              <value>
                <![CDATA[]]>
              </value>
            </param>
            <param index="48">
              <value>
                <![CDATA[Female]]>
              </value>
            </param>
            <param index="49">
              <value>
                <![CDATA[]]>
              </value>
            </param>
            <param index="50">
              <value>
                <![CDATA[]]>
              </value>
            </param>
          </params>
          <reporter-output>
          </reporter-output>
        </test-method> <!-- Auto2TEALogin_Confirm_UploadDocs -->
        <test-method status="PASS" signature="tearD(org.testng.ITestResult)[pri:0, instance:TEAWeeklyRun@2d6eabae]" name="tearD" is-config="true" duration-ms="164" started-at="2017-10-13T10:35:15Z" finished-at="2017-10-13T10:35:15Z">
          <params>
            <param index="0">
              <value>
                <![CDATA[[TestResult name=Auto2TEALogin_Confirm_UploadDocs status=SUCCESS method=TEAWeeklyRun.Auto2TEALogin_Confirm_UploadDocs(java.lang.String, java.lang.String, java.lang.String, java.lang.String, java.lang.String, java.lang.String, java.lang.String, java.lang.String, java.lang.String, java.lang.String, java.lang.String, java.lang.String, java.lang.String, java.lang.String, java.lang.String, java.lang.String, java.lang.String, java.lang.String, java.lang.String, java.lang.String, java.lang.String, java.lang.String, java.lang.String, java.lang.String, java.lang.String, java.lang.String, java.lang.String, java.lang.String, java.lang.String, java.lang.String, java.lang.String, java.lang.String, java.lang.String, java.lang.String, java.lang.String, java.lang.String, java.lang.String, java.lang.String, java.lang.String, java.lang.String, java.lang.String, java.lang.String, java.lang.String, java.lang.String, java.lang.String, java.lang.String, java.lang.String, java.lang.String, java.lang.String, java.lang.String, java.lang.String)[pri:0, instance:TEAWeeklyRun@2d6eabae] output={null}]]]>
              </value>
            </param>
          </params>
          <reporter-output>
          </reporter-output>
        </test-method> <!-- tearD -->
        <test-method status="PASS" signature="Auto4TEASaveContinueDelete(java.lang.String, java.lang.String, java.lang.String, java.lang.String, java.lang.String, java.lang.String, java.lang.String, java.lang.String, java.lang.String, java.lang.String, java.lang.String, java.lang.String, java.lang.String, java.lang.String, java.lang.String, java.lang.String, java.lang.String, java.lang.String, java.lang.String, java.lang.String, java.lang.String, java.lang.String, java.lang.String, java.lang.String, java.lang.String, java.lang.String, java.lang.String, java.lang.String, java.lang.String, java.lang.String, java.lang.String, java.lang.String, java.lang.String, java.lang.String, java.lang.String, java.lang.String, java.lang.String, java.lang.String, java.lang.String, java.lang.String, java.lang.String, java.lang.String, java.lang.String, java.lang.String, java.lang.String, java.lang.String, java.lang.String, java.lang.String, java.lang.String, java.lang.String, java.lang.String)[pri:0, instance:TEAWeeklyRun@2d6eabae]" name="Auto4TEASaveContinueDelete" duration-ms="83370" started-at="2017-10-13T10:35:15Z" data-provider="ParamData" finished-at="2017-10-13T10:36:39Z">
          <params>
            <param index="0">
              <value>
                <![CDATA[Student]]>
              </value>
            </param>
            <param index="1">
              <value>
                <![CDATA[Jane50]]>
              </value>
            </param>
            <param index="2">
              <value>
                <![CDATA[Mickey50]]>
              </value>
            </param>
            <param index="3">
              <value>
                <![CDATA[Sam]]>
              </value>
            </param>
            <param index="4">
              <value>
                <![CDATA[John]]>
              </value>
            </param>
            <param index="5">
              <value>
                <![CDATA[]]>
              </value>
            </param>
            <param index="6">
              <value>
                <![CDATA[12/Jul/1950]]>
              </value>
            </param>
            <param index="7">
              <value>
                <![CDATA[1239566]]>
              </value>
            </param>
            <param index="8">
              <value>
                <![CDATA[jmickey150@fake.com]]>
              </value>
            </param>
            <param index="9">
              <value>
                <![CDATA[jmickey150@fake.com]]>
              </value>
            </param>
            <param index="10">
              <value>
                <![CDATA[Testing@1]]>
              </value>
            </param>
            <param index="11">
              <value>
                <![CDATA[Testing@1]]>
              </value>
            </param>
            <param index="12">
              <value>
                <![CDATA[Individual paper credit]]>
              </value>
            </param>
            <param index="13">
              <value>
                <![CDATA[Individual Paper Credit]]>
              </value>
            </param>
            <param index="14">
              <value>
                <![CDATA[Cook Islands]]>
              </value>
            </param>
            <param index="15">
              <value>
                <![CDATA[Cook Islands]]>
              </value>
            </param>
            <param index="16">
              <value>
                <![CDATA[New Zealand]]>
              </value>
            </param>
            <param index="17">
              <value>
                <![CDATA[Yes]]>
              </value>
            </param>
            <param index="18">
              <value>
                <![CDATA[Latin American]]>
              </value>
            </param>
            <param index="19">
              <value>
                <![CDATA[Japanese]]>
              </value>
            </param>
            <param index="20">
              <value>
                <![CDATA[Korean]]>
              </value>
            </param>
            <param index="21">
              <value>
                <![CDATA[Rangitane (Manawatu)]]>
              </value>
            </param>
            <param index="22">
              <value>
                <![CDATA[Nga Maihi]]>
              </value>
            </param>
            <param index="23">
              <value>
                <![CDATA[Tainui]]>
              </value>
            </param>
            <param index="24">
              <value>
                <![CDATA[Tuhoe]]>
              </value>
            </param>
            <param index="25">
              <value>
                <![CDATA[87854537]]>
              </value>
            </param>
            <param index="26">
              <value>
                <![CDATA[221234572]]>
              </value>
            </param>
            <param index="27">
              <value>
                <![CDATA[Student Address 1]]>
              </value>
            </param>
            <param index="28">
              <value>
                <![CDATA[Student Address 2]]>
              </value>
            </param>
            <param index="29">
              <value>
                <![CDATA[Student Address 3]]>
              </value>
            </param>
            <param index="30">
              <value>
                <![CDATA[Student Address 4]]>
              </value>
            </param>
            <param index="31">
              <value>
                <![CDATA[Hamilton]]>
              </value>
            </param>
            <param index="32">
              <value>
                <![CDATA[3211]]>
              </value>
            </param>
            <param index="33">
              <value>
                <![CDATA[Yes]]>
              </value>
            </param>
            <param index="34">
              <value>
                <![CDATA[NCEA Level 3 Certificate]]>
              </value>
            </param>
            <param index="35">
              <value>
                <![CDATA[Yes]]>
              </value>
            </param>
            <param index="36">
              <value>
                <![CDATA[Papakura High School]]>
              </value>
            </param>
            <param index="37">
              <value>
                <![CDATA[2010]]>
              </value>
            </param>
            <param index="38">
              <value>
                <![CDATA[NCEA Level 1 Certificate]]>
              </value>
            </param>
            <param index="39">
              <value>
                <![CDATA[No]]>
              </value>
            </param>
            <param index="40">
              <value>
                <![CDATA[]]>
              </value>
            </param>
            <param index="41">
              <value>
                <![CDATA[]]>
              </value>
            </param>
            <param index="42">
              <value>
                <![CDATA[]]>
              </value>
            </param>
            <param index="43">
              <value>
                <![CDATA[]]>
              </value>
            </param>
            <param index="44">
              <value>
                <![CDATA[]]>
              </value>
            </param>
            <param index="45">
              <value>
                <![CDATA[]]>
              </value>
            </param>
            <param index="46">
              <value>
                <![CDATA[]]>
              </value>
            </param>
            <param index="47">
              <value>
                <![CDATA[]]>
              </value>
            </param>
            <param index="48">
              <value>
                <![CDATA[Female]]>
              </value>
            </param>
            <param index="49">
              <value>
                <![CDATA[]]>
              </value>
            </param>
            <param index="50">
              <value>
                <![CDATA[]]>
              </value>
            </param>
          </params>
          <reporter-output>
          </reporter-output>
        </test-method> <!-- Auto4TEASaveContinueDelete -->
        <test-method status="PASS" signature="tearD(org.testng.ITestResult)[pri:0, instance:TEAWeeklyRun@2d6eabae]" name="tearD" is-config="true" duration-ms="89" started-at="2017-10-13T10:36:39Z" finished-at="2017-10-13T10:36:39Z">
          <params>
            <param index="0">
              <value>
                <![CDATA[[TestResult name=Auto4TEASaveContinueDelete status=SUCCESS method=TEAWeeklyRun.Auto4TEASaveContinueDelete(java.lang.String, java.lang.String, java.lang.String, java.lang.String, java.lang.String, java.lang.String, java.lang.String, java.lang.String, java.lang.String, java.lang.String, java.lang.String, java.lang.String, java.lang.String, java.lang.String, java.lang.String, java.lang.String, java.lang.String, java.lang.String, java.lang.String, java.lang.String, java.lang.String, java.lang.String, java.lang.String, java.lang.String, java.lang.String, java.lang.String, java.lang.String, java.lang.String, java.lang.String, java.lang.String, java.lang.String, java.lang.String, java.lang.String, java.lang.String, java.lang.String, java.lang.String, java.lang.String, java.lang.String, java.lang.String, java.lang.String, java.lang.String, java.lang.String, java.lang.String, java.lang.String, java.lang.String, java.lang.String, java.lang.String, java.lang.String, java.lang.String, java.lang.String, java.lang.String)[pri:0, instance:TEAWeeklyRun@2d6eabae] output={null}]]]>
              </value>
            </param>
          </params>
          <reporter-output>
          </reporter-output>
        </test-method> <!-- tearD -->
        <test-method status="PASS" signature="Auto6TEASecondarySchoolDetails(java.lang.String, java.lang.String, java.lang.String, java.lang.String, java.lang.String, java.lang.String, java.lang.String, java.lang.String, java.lang.String, java.lang.String, java.lang.String, java.lang.String, java.lang.String, java.lang.String, java.lang.String, java.lang.String, java.lang.String, java.lang.String, java.lang.String, java.lang.String, java.lang.String, java.lang.String, java.lang.String, java.lang.String, java.lang.String, java.lang.String, java.lang.String, java.lang.String, java.lang.String, java.lang.String, java.lang.String, java.lang.String, java.lang.String, java.lang.String, java.lang.String, java.lang.String, java.lang.String, java.lang.String, java.lang.String, java.lang.String, java.lang.String, java.lang.String, java.lang.String, java.lang.String, java.lang.String, java.lang.String, java.lang.String, java.lang.String, java.lang.String, java.lang.String, java.lang.String)[pri:0, instance:TEAWeeklyRun@2d6eabae]" name="Auto6TEASecondarySchoolDetails" duration-ms="76693" started-at="2017-10-13T10:36:39Z" data-provider="ParamData" finished-at="2017-10-13T10:37:56Z">
          <params>
            <param index="0">
              <value>
                <![CDATA[Student]]>
              </value>
            </param>
            <param index="1">
              <value>
                <![CDATA[Jane50]]>
              </value>
            </param>
            <param index="2">
              <value>
                <![CDATA[Mickey50]]>
              </value>
            </param>
            <param index="3">
              <value>
                <![CDATA[Sam]]>
              </value>
            </param>
            <param index="4">
              <value>
                <![CDATA[John]]>
              </value>
            </param>
            <param index="5">
              <value>
                <![CDATA[]]>
              </value>
            </param>
            <param index="6">
              <value>
                <![CDATA[12/Jul/1950]]>
              </value>
            </param>
            <param index="7">
              <value>
                <![CDATA[1239566]]>
              </value>
            </param>
            <param index="8">
              <value>
                <![CDATA[jmickey150@fake.com]]>
              </value>
            </param>
            <param index="9">
              <value>
                <![CDATA[jmickey150@fake.com]]>
              </value>
            </param>
            <param index="10">
              <value>
                <![CDATA[Testing@1]]>
              </value>
            </param>
            <param index="11">
              <value>
                <![CDATA[Testing@1]]>
              </value>
            </param>
            <param index="12">
              <value>
                <![CDATA[Individual paper credit]]>
              </value>
            </param>
            <param index="13">
              <value>
                <![CDATA[Individual Paper Credit]]>
              </value>
            </param>
            <param index="14">
              <value>
                <![CDATA[Cook Islands]]>
              </value>
            </param>
            <param index="15">
              <value>
                <![CDATA[Cook Islands]]>
              </value>
            </param>
            <param index="16">
              <value>
                <![CDATA[New Zealand]]>
              </value>
            </param>
            <param index="17">
              <value>
                <![CDATA[Yes]]>
              </value>
            </param>
            <param index="18">
              <value>
                <![CDATA[Latin American]]>
              </value>
            </param>
            <param index="19">
              <value>
                <![CDATA[Japanese]]>
              </value>
            </param>
            <param index="20">
              <value>
                <![CDATA[Korean]]>
              </value>
            </param>
            <param index="21">
              <value>
                <![CDATA[Rangitane (Manawatu)]]>
              </value>
            </param>
            <param index="22">
              <value>
                <![CDATA[Nga Maihi]]>
              </value>
            </param>
            <param index="23">
              <value>
                <![CDATA[Tainui]]>
              </value>
            </param>
            <param index="24">
              <value>
                <![CDATA[Tuhoe]]>
              </value>
            </param>
            <param index="25">
              <value>
                <![CDATA[87854537]]>
              </value>
            </param>
            <param index="26">
              <value>
                <![CDATA[221234572]]>
              </value>
            </param>
            <param index="27">
              <value>
                <![CDATA[Student Address 1]]>
              </value>
            </param>
            <param index="28">
              <value>
                <![CDATA[Student Address 2]]>
              </value>
            </param>
            <param index="29">
              <value>
                <![CDATA[Student Address 3]]>
              </value>
            </param>
            <param index="30">
              <value>
                <![CDATA[Student Address 4]]>
              </value>
            </param>
            <param index="31">
              <value>
                <![CDATA[Hamilton]]>
              </value>
            </param>
            <param index="32">
              <value>
                <![CDATA[3211]]>
              </value>
            </param>
            <param index="33">
              <value>
                <![CDATA[Yes]]>
              </value>
            </param>
            <param index="34">
              <value>
                <![CDATA[NCEA Level 3 Certificate]]>
              </value>
            </param>
            <param index="35">
              <value>
                <![CDATA[Yes]]>
              </value>
            </param>
            <param index="36">
              <value>
                <![CDATA[Papakura High School]]>
              </value>
            </param>
            <param index="37">
              <value>
                <![CDATA[2010]]>
              </value>
            </param>
            <param index="38">
              <value>
                <![CDATA[NCEA Level 1 Certificate]]>
              </value>
            </param>
            <param index="39">
              <value>
                <![CDATA[No]]>
              </value>
            </param>
            <param index="40">
              <value>
                <![CDATA[]]>
              </value>
            </param>
            <param index="41">
              <value>
                <![CDATA[]]>
              </value>
            </param>
            <param index="42">
              <value>
                <![CDATA[]]>
              </value>
            </param>
            <param index="43">
              <value>
                <![CDATA[]]>
              </value>
            </param>
            <param index="44">
              <value>
                <![CDATA[]]>
              </value>
            </param>
            <param index="45">
              <value>
                <![CDATA[]]>
              </value>
            </param>
            <param index="46">
              <value>
                <![CDATA[]]>
              </value>
            </param>
            <param index="47">
              <value>
                <![CDATA[]]>
              </value>
            </param>
            <param index="48">
              <value>
                <![CDATA[Female]]>
              </value>
            </param>
            <param index="49">
              <value>
                <![CDATA[]]>
              </value>
            </param>
            <param index="50">
              <value>
                <![CDATA[]]>
              </value>
            </param>
          </params>
          <reporter-output>
          </reporter-output>
        </test-method> <!-- Auto6TEASecondarySchoolDetails -->
        <test-method status="PASS" signature="tearD(org.testng.ITestResult)[pri:0, instance:TEAWeeklyRun@2d6eabae]" name="tearD" is-config="true" duration-ms="96" started-at="2017-10-13T10:37:56Z" finished-at="2017-10-13T10:37:56Z">
          <params>
            <param index="0">
              <value>
                <![CDATA[[TestResult name=Auto6TEASecondarySchoolDetails status=SUCCESS method=TEAWeeklyRun.Auto6TEASecondarySchoolDetails(java.lang.String, java.lang.String, java.lang.String, java.lang.String, java.lang.String, java.lang.String, java.lang.String, java.lang.String, java.lang.String, java.lang.String, java.lang.String, java.lang.String, java.lang.String, java.lang.String, java.lang.String, java.lang.String, java.lang.String, java.lang.String, java.lang.String, java.lang.String, java.lang.String, java.lang.String, java.lang.String, java.lang.String, java.lang.String, java.lang.String, java.lang.String, java.lang.String, java.lang.String, java.lang.String, java.lang.String, java.lang.String, java.lang.String, java.lang.String, java.lang.String, java.lang.String, java.lang.String, java.lang.String, java.lang.String, java.lang.String, java.lang.String, java.lang.String, java.lang.String, java.lang.String, java.lang.String, java.lang.String, java.lang.String, java.lang.String, java.lang.String, java.lang.String, java.lang.String)[pri:0, instance:TEAWeeklyRun@2d6eabae] output={null}]]]>
              </value>
            </param>
          </params>
          <reporter-output>
          </reporter-output>
        </test-method> <!-- tearD -->
        <test-method status="PASS" signature="Auto8TEAApplicationForMasterOfAppliedPsychology(java.lang.String, java.lang.String, java.lang.String, java.lang.String, java.lang.String, java.lang.String, java.lang.String, java.lang.String, java.lang.String, java.lang.String, java.lang.String, java.lang.String, java.lang.String, java.lang.String, java.lang.String, java.lang.String, java.lang.String, java.lang.String, java.lang.String, java.lang.String, java.lang.String, java.lang.String, java.lang.String, java.lang.String, java.lang.String, java.lang.String, java.lang.String, java.lang.String, java.lang.String, java.lang.String, java.lang.String, java.lang.String, java.lang.String, java.lang.String, java.lang.String, java.lang.String, java.lang.String, java.lang.String, java.lang.String, java.lang.String, java.lang.String, java.lang.String, java.lang.String, java.lang.String, java.lang.String, java.lang.String, java.lang.String, java.lang.String, java.lang.String, java.lang.String, java.lang.String)[pri:0, instance:TEAWeeklyRun@2d6eabae]" name="Auto8TEAApplicationForMasterOfAppliedPsychology" duration-ms="55895" started-at="2017-10-13T10:37:56Z" data-provider="ParamData" finished-at="2017-10-13T10:38:52Z">
          <params>
            <param index="0">
              <value>
                <![CDATA[Student]]>
              </value>
            </param>
            <param index="1">
              <value>
                <![CDATA[Jane50]]>
              </value>
            </param>
            <param index="2">
              <value>
                <![CDATA[Mickey50]]>
              </value>
            </param>
            <param index="3">
              <value>
                <![CDATA[Sam]]>
              </value>
            </param>
            <param index="4">
              <value>
                <![CDATA[John]]>
              </value>
            </param>
            <param index="5">
              <value>
                <![CDATA[]]>
              </value>
            </param>
            <param index="6">
              <value>
                <![CDATA[12/Jul/1950]]>
              </value>
            </param>
            <param index="7">
              <value>
                <![CDATA[1239566]]>
              </value>
            </param>
            <param index="8">
              <value>
                <![CDATA[jmickey150@fake.com]]>
              </value>
            </param>
            <param index="9">
              <value>
                <![CDATA[jmickey150@fake.com]]>
              </value>
            </param>
            <param index="10">
              <value>
                <![CDATA[Testing@1]]>
              </value>
            </param>
            <param index="11">
              <value>
                <![CDATA[Testing@1]]>
              </value>
            </param>
            <param index="12">
              <value>
                <![CDATA[Individual paper credit]]>
              </value>
            </param>
            <param index="13">
              <value>
                <![CDATA[Individual Paper Credit]]>
              </value>
            </param>
            <param index="14">
              <value>
                <![CDATA[Cook Islands]]>
              </value>
            </param>
            <param index="15">
              <value>
                <![CDATA[Cook Islands]]>
              </value>
            </param>
            <param index="16">
              <value>
                <![CDATA[New Zealand]]>
              </value>
            </param>
            <param index="17">
              <value>
                <![CDATA[Yes]]>
              </value>
            </param>
            <param index="18">
              <value>
                <![CDATA[Latin American]]>
              </value>
            </param>
            <param index="19">
              <value>
                <![CDATA[Japanese]]>
              </value>
            </param>
            <param index="20">
              <value>
                <![CDATA[Korean]]>
              </value>
            </param>
            <param index="21">
              <value>
                <![CDATA[Rangitane (Manawatu)]]>
              </value>
            </param>
            <param index="22">
              <value>
                <![CDATA[Nga Maihi]]>
              </value>
            </param>
            <param index="23">
              <value>
                <![CDATA[Tainui]]>
              </value>
            </param>
            <param index="24">
              <value>
                <![CDATA[Tuhoe]]>
              </value>
            </param>
            <param index="25">
              <value>
                <![CDATA[87854537]]>
              </value>
            </param>
            <param index="26">
              <value>
                <![CDATA[221234572]]>
              </value>
            </param>
            <param index="27">
              <value>
                <![CDATA[Student Address 1]]>
              </value>
            </param>
            <param index="28">
              <value>
                <![CDATA[Student Address 2]]>
              </value>
            </param>
            <param index="29">
              <value>
                <![CDATA[Student Address 3]]>
              </value>
            </param>
            <param index="30">
              <value>
                <![CDATA[Student Address 4]]>
              </value>
            </param>
            <param index="31">
              <value>
                <![CDATA[Hamilton]]>
              </value>
            </param>
            <param index="32">
              <value>
                <![CDATA[3211]]>
              </value>
            </param>
            <param index="33">
              <value>
                <![CDATA[Yes]]>
              </value>
            </param>
            <param index="34">
              <value>
                <![CDATA[NCEA Level 3 Certificate]]>
              </value>
            </param>
            <param index="35">
              <value>
                <![CDATA[Yes]]>
              </value>
            </param>
            <param index="36">
              <value>
                <![CDATA[Papakura High School]]>
              </value>
            </param>
            <param index="37">
              <value>
                <![CDATA[2010]]>
              </value>
            </param>
            <param index="38">
              <value>
                <![CDATA[NCEA Level 1 Certificate]]>
              </value>
            </param>
            <param index="39">
              <value>
                <![CDATA[No]]>
              </value>
            </param>
            <param index="40">
              <value>
                <![CDATA[]]>
              </value>
            </param>
            <param index="41">
              <value>
                <![CDATA[]]>
              </value>
            </param>
            <param index="42">
              <value>
                <![CDATA[]]>
              </value>
            </param>
            <param index="43">
              <value>
                <![CDATA[]]>
              </value>
            </param>
            <param index="44">
              <value>
                <![CDATA[]]>
              </value>
            </param>
            <param index="45">
              <value>
                <![CDATA[]]>
              </value>
            </param>
            <param index="46">
              <value>
                <![CDATA[]]>
              </value>
            </param>
            <param index="47">
              <value>
                <![CDATA[]]>
              </value>
            </param>
            <param index="48">
              <value>
                <![CDATA[Female]]>
              </value>
            </param>
            <param index="49">
              <value>
                <![CDATA[]]>
              </value>
            </param>
            <param index="50">
              <value>
                <![CDATA[]]>
              </value>
            </param>
          </params>
          <reporter-output>
          </reporter-output>
        </test-method> <!-- Auto8TEAApplicationForMasterOfAppliedPsychology -->
        <test-method status="PASS" signature="tearD(org.testng.ITestResult)[pri:0, instance:TEAWeeklyRun@2d6eabae]" name="tearD" is-config="true" duration-ms="96" started-at="2017-10-13T10:38:52Z" finished-at="2017-10-13T10:38:52Z">
          <params>
            <param index="0">
              <value>
                <![CDATA[[TestResult name=Auto8TEAApplicationForMasterOfAppliedPsychology status=SUCCESS method=TEAWeeklyRun.Auto8TEAApplicationForMasterOfAppliedPsychology(java.lang.String, java.lang.String, java.lang.String, java.lang.String, java.lang.String, java.lang.String, java.lang.String, java.lang.String, java.lang.String, java.lang.String, java.lang.String, java.lang.String, java.lang.String, java.lang.String, java.lang.String, java.lang.String, java.lang.String, java.lang.String, java.lang.String, java.lang.String, java.lang.String, java.lang.String, java.lang.String, java.lang.String, java.lang.String, java.lang.String, java.lang.String, java.lang.String, java.lang.String, java.lang.String, java.lang.String, java.lang.String, java.lang.String, java.lang.String, java.lang.String, java.lang.String, java.lang.String, java.lang.String, java.lang.String, java.lang.String, java.lang.String, java.lang.String, java.lang.String, java.lang.String, java.lang.String, java.lang.String, java.lang.String, java.lang.String, java.lang.String, java.lang.String, java.lang.String)[pri:0, instance:TEAWeeklyRun@2d6eabae] output={null}]]]>
              </value>
            </param>
          </params>
          <reporter-output>
          </reporter-output>
        </test-method> <!-- tearD -->
        <test-method status="PASS" signature="Auto9TEATeachingProgrammeAdditionalInfo(java.lang.String, java.lang.String, java.lang.String, java.lang.String, java.lang.String, java.lang.String, java.lang.String, java.lang.String, java.lang.String, java.lang.String, java.lang.String, java.lang.String, java.lang.String, java.lang.String, java.lang.String, java.lang.String, java.lang.String, java.lang.String, java.lang.String, java.lang.String, java.lang.String, java.lang.String, java.lang.String, java.lang.String, java.lang.String, java.lang.String, java.lang.String, java.lang.String, java.lang.String, java.lang.String, java.lang.String, java.lang.String, java.lang.String, java.lang.String, java.lang.String, java.lang.String, java.lang.String, java.lang.String, java.lang.String, java.lang.String, java.lang.String, java.lang.String, java.lang.String, java.lang.String, java.lang.String, java.lang.String, java.lang.String, java.lang.String, java.lang.String, java.lang.String, java.lang.String)[pri:0, instance:TEAWeeklyRun@2d6eabae]" name="Auto9TEATeachingProgrammeAdditionalInfo" duration-ms="63962" started-at="2017-10-13T10:38:53Z" data-provider="ParamData" finished-at="2017-10-13T10:39:57Z">
          <params>
            <param index="0">
              <value>
                <![CDATA[Student]]>
              </value>
            </param>
            <param index="1">
              <value>
                <![CDATA[Jane50]]>
              </value>
            </param>
            <param index="2">
              <value>
                <![CDATA[Mickey50]]>
              </value>
            </param>
            <param index="3">
              <value>
                <![CDATA[Sam]]>
              </value>
            </param>
            <param index="4">
              <value>
                <![CDATA[John]]>
              </value>
            </param>
            <param index="5">
              <value>
                <![CDATA[]]>
              </value>
            </param>
            <param index="6">
              <value>
                <![CDATA[12/Jul/1950]]>
              </value>
            </param>
            <param index="7">
              <value>
                <![CDATA[1239566]]>
              </value>
            </param>
            <param index="8">
              <value>
                <![CDATA[jmickey150@fake.com]]>
              </value>
            </param>
            <param index="9">
              <value>
                <![CDATA[jmickey150@fake.com]]>
              </value>
            </param>
            <param index="10">
              <value>
                <![CDATA[Testing@1]]>
              </value>
            </param>
            <param index="11">
              <value>
                <![CDATA[Testing@1]]>
              </value>
            </param>
            <param index="12">
              <value>
                <![CDATA[Individual paper credit]]>
              </value>
            </param>
            <param index="13">
              <value>
                <![CDATA[Individual Paper Credit]]>
              </value>
            </param>
            <param index="14">
              <value>
                <![CDATA[Cook Islands]]>
              </value>
            </param>
            <param index="15">
              <value>
                <![CDATA[Cook Islands]]>
              </value>
            </param>
            <param index="16">
              <value>
                <![CDATA[New Zealand]]>
              </value>
            </param>
            <param index="17">
              <value>
                <![CDATA[Yes]]>
              </value>
            </param>
            <param index="18">
              <value>
                <![CDATA[Latin American]]>
              </value>
            </param>
            <param index="19">
              <value>
                <![CDATA[Japanese]]>
              </value>
            </param>
            <param index="20">
              <value>
                <![CDATA[Korean]]>
              </value>
            </param>
            <param index="21">
              <value>
                <![CDATA[Rangitane (Manawatu)]]>
              </value>
            </param>
            <param index="22">
              <value>
                <![CDATA[Nga Maihi]]>
              </value>
            </param>
            <param index="23">
              <value>
                <![CDATA[Tainui]]>
              </value>
            </param>
            <param index="24">
              <value>
                <![CDATA[Tuhoe]]>
              </value>
            </param>
            <param index="25">
              <value>
                <![CDATA[87854537]]>
              </value>
            </param>
            <param index="26">
              <value>
                <![CDATA[221234572]]>
              </value>
            </param>
            <param index="27">
              <value>
                <![CDATA[Student Address 1]]>
              </value>
            </param>
            <param index="28">
              <value>
                <![CDATA[Student Address 2]]>
              </value>
            </param>
            <param index="29">
              <value>
                <![CDATA[Student Address 3]]>
              </value>
            </param>
            <param index="30">
              <value>
                <![CDATA[Student Address 4]]>
              </value>
            </param>
            <param index="31">
              <value>
                <![CDATA[Hamilton]]>
              </value>
            </param>
            <param index="32">
              <value>
                <![CDATA[3211]]>
              </value>
            </param>
            <param index="33">
              <value>
                <![CDATA[Yes]]>
              </value>
            </param>
            <param index="34">
              <value>
                <![CDATA[NCEA Level 3 Certificate]]>
              </value>
            </param>
            <param index="35">
              <value>
                <![CDATA[Yes]]>
              </value>
            </param>
            <param index="36">
              <value>
                <![CDATA[Papakura High School]]>
              </value>
            </param>
            <param index="37">
              <value>
                <![CDATA[2010]]>
              </value>
            </param>
            <param index="38">
              <value>
                <![CDATA[NCEA Level 1 Certificate]]>
              </value>
            </param>
            <param index="39">
              <value>
                <![CDATA[No]]>
              </value>
            </param>
            <param index="40">
              <value>
                <![CDATA[]]>
              </value>
            </param>
            <param index="41">
              <value>
                <![CDATA[]]>
              </value>
            </param>
            <param index="42">
              <value>
                <![CDATA[]]>
              </value>
            </param>
            <param index="43">
              <value>
                <![CDATA[]]>
              </value>
            </param>
            <param index="44">
              <value>
                <![CDATA[]]>
              </value>
            </param>
            <param index="45">
              <value>
                <![CDATA[]]>
              </value>
            </param>
            <param index="46">
              <value>
                <![CDATA[]]>
              </value>
            </param>
            <param index="47">
              <value>
                <![CDATA[]]>
              </value>
            </param>
            <param index="48">
              <value>
                <![CDATA[Female]]>
              </value>
            </param>
            <param index="49">
              <value>
                <![CDATA[]]>
              </value>
            </param>
            <param index="50">
              <value>
                <![CDATA[]]>
              </value>
            </param>
          </params>
          <reporter-output>
          </reporter-output>
        </test-method> <!-- Auto9TEATeachingProgrammeAdditionalInfo -->
        <test-method status="PASS" signature="tearD(org.testng.ITestResult)[pri:0, instance:TEAWeeklyRun@2d6eabae]" name="tearD" is-config="true" duration-ms="81" started-at="2017-10-13T10:39:57Z" finished-at="2017-10-13T10:39:57Z">
          <params>
            <param index="0">
              <value>
                <![CDATA[[TestResult name=Auto9TEATeachingProgrammeAdditionalInfo status=SUCCESS method=TEAWeeklyRun.Auto9TEATeachingProgrammeAdditionalInfo(java.lang.String, java.lang.String, java.lang.String, java.lang.String, java.lang.String, java.lang.String, java.lang.String, java.lang.String, java.lang.String, java.lang.String, java.lang.String, java.lang.String, java.lang.String, java.lang.String, java.lang.String, java.lang.String, java.lang.String, java.lang.String, java.lang.String, java.lang.String, java.lang.String, java.lang.String, java.lang.String, java.lang.String, java.lang.String, java.lang.String, java.lang.String, java.lang.String, java.lang.String, java.lang.String, java.lang.String, java.lang.String, java.lang.String, java.lang.String, java.lang.String, java.lang.String, java.lang.String, java.lang.String, java.lang.String, java.lang.String, java.lang.String, java.lang.String, java.lang.String, java.lang.String, java.lang.String, java.lang.String, java.lang.String, java.lang.String, java.lang.String, java.lang.String, java.lang.String)[pri:0, instance:TEAWeeklyRun@2d6eabae] output={null}]]]>
              </value>
            </param>
          </params>
          <reporter-output>
          </reporter-output>
        </test-method> <!-- tearD -->
        <test-method status="PASS" signature="tearDown()[pri:0, instance:TEAWeeklyRun@2d6eabae]" name="tearDown" is-config="true" duration-ms="3676" started-at="2017-10-13T10:39:57Z" finished-at="2017-10-13T10:40:00Z">
          <reporter-output>
          </reporter-output>
        </test-method> <!-- tearDown -->
      </class> <!-- TEAWeeklyRun -->
    </test> <!-- Default test -->
  </suite> <!-- Default suite -->
</testng-results>
